2023-07-20 10:30:43.582 [info] Log level: Info
2023-07-20 10:30:43.582 [info] Validating found git in: "git"
2023-07-20 10:30:43.582 [info] Using git "2.41.0" from "git"
2023-07-20 10:30:43.582 [info] > git rev-parse --show-toplevel [3ms]
2023-07-20 10:30:43.588 [info] > git rev-parse --git-dir --git-common-dir [5ms]
2023-07-20 10:30:43.593 [info] Open repository: /home/jimmy/projects/zivix/firmware-updates
2023-07-20 10:30:43.599 [info] > git rev-parse --show-toplevel [4ms]
2023-07-20 10:30:43.602 [info] > git rev-parse --show-toplevel [2ms]
2023-07-20 10:30:43.604 [info] > git config --get commit.template [6ms]
2023-07-20 10:30:43.605 [info] > git rev-parse --show-toplevel [1ms]
2023-07-20 10:30:43.610 [info] > git for-each-ref --format=%(refname)%00%(upstream:short)%00%(objectname)%00%(upstream:track)%00%(upstream:remotename)%00%(upstream:remoteref) refs/heads/master refs/remotes/master [2ms]
2023-07-20 10:30:43.613 [info] > git status -z -uall [1ms]
2023-07-20 10:30:43.620 [info] > git config --get commit.template [1ms]
2023-07-20 10:30:43.620 [info] > git for-each-ref --format=%(refname)%00%(upstream:short)%00%(objectname)%00%(upstream:track)%00%(upstream:remotename)%00%(upstream:remoteref) refs/heads/master refs/remotes/master [1ms]
2023-07-20 10:30:43.622 [info] > git status -z -uall [1ms]
2023-07-20 10:30:43.913 [info] > git show --textconv :cpp/main.cpp [7ms]
2023-07-20 10:30:43.913 [info] > git ls-files --stage -- /home/jimmy/projects/zivix/firmware-updates/cpp/main.cpp [1ms]
2023-07-20 10:30:43.919 [info] > git cat-file -s e1e64514588e7ad7cc20875426930574b57199b4 [2ms]
2023-07-20 10:30:44.114 [info] > git check-ignore -v -z --stdin [3ms]
2023-07-20 10:31:30.832 [info] > git config --get commit.template [0ms]
2023-07-20 10:31:30.835 [info] > git for-each-ref --format=%(refname)%00%(upstream:short)%00%(objectname)%00%(upstream:track)%00%(upstream:remotename)%00%(upstream:remoteref) refs/heads/master refs/remotes/master [0ms]
2023-07-20 10:31:30.838 [info] > git status -z -uall [0ms]
2023-07-20 10:31:30.863 [info] > git ls-files --stage -- /home/jimmy/projects/zivix/firmware-updates/cpp/main.cpp [1ms]
2023-07-20 10:31:30.866 [info] > git cat-file -s 3e4c97fcedc8fd79424d1840194bbc70ded1d4c6 [1ms]
2023-07-20 10:31:30.873 [info] > git show --textconv :cpp/main.cpp [1ms]
