2023-07-20 12:31:03.314 [info] Log level: Info
2023-07-20 12:31:03.314 [info] Validating found git in: "git"
2023-07-20 12:31:03.314 [info] Using git "2.41.0" from "git"
2023-07-20 12:31:03.314 [info] > git rev-parse --show-toplevel [2ms]
2023-07-20 12:31:03.314 [info] > git rev-parse --git-dir --git-common-dir [0ms]
2023-07-20 12:31:03.314 [info] Open repository: /home/jimmy/projects/zivix/firmware-updates
2023-07-20 12:31:03.314 [info] > git rev-parse --show-toplevel [6ms]
2023-07-20 12:31:03.314 [info] > git config --get commit.template [4ms]
2023-07-20 12:31:03.314 [info] > git rev-parse --show-toplevel [2ms]
2023-07-20 12:31:03.314 [info] > git rev-parse --show-toplevel [9ms]
2023-07-20 12:31:03.314 [info] > git for-each-ref --format=%(refname)%00%(upstream:short)%00%(objectname)%00%(upstream:track)%00%(upstream:remotename)%00%(upstream:remoteref) refs/heads/master refs/remotes/master [1ms]
2023-07-20 12:31:03.314 [info] > git status -z -uall [1ms]
2023-07-20 12:31:03.314 [info] > git config --get commit.template [3ms]
2023-07-20 12:31:03.318 [info] > git for-each-ref --format=%(refname)%00%(upstream:short)%00%(objectname)%00%(upstream:track)%00%(upstream:remotename)%00%(upstream:remoteref) refs/heads/master refs/remotes/master [1ms]
2023-07-20 12:31:03.322 [info] > git status -z -uall [1ms]
2023-07-20 12:31:03.595 [info] > git ls-files --stage -- /home/jimmy/projects/zivix/firmware-updates/cpp/firmwareUpdate.h [5ms]
2023-07-20 12:31:03.600 [info] > git show --textconv :cpp/firmwareUpdate.h [15ms]
2023-07-20 12:31:03.600 [info] > git cat-file -s c8418759f582e74a706d4019259bfe6f995bc52e [1ms]
2023-07-20 12:31:03.817 [info] > git check-ignore -v -z --stdin [1ms]
2023-07-20 12:33:28.627 [info] > git show --textconv :cpp/firmwareUpdate.cpp [5ms]
2023-07-20 12:33:28.629 [info] > git ls-files --stage -- /home/jimmy/projects/zivix/firmware-updates/cpp/firmwareUpdate.cpp [2ms]
2023-07-20 12:33:28.634 [info] > git cat-file -s 1403a7a9c00841f51338df6f0576ca0e542088de [1ms]
2023-07-20 12:35:00.053 [info] > git ls-files --stage -- /home/jimmy/projects/zivix/firmware-updates/cpp/main.cpp [0ms]
2023-07-20 12:35:00.059 [info] > git show --textconv :cpp/main.cpp [10ms]
2023-07-20 12:35:00.059 [info] > git cat-file -s 92a9c1930c1cb4500a481b6a3b2917f17dae167c [4ms]
2023-07-20 12:36:27.979 [info] > git config --get commit.template [1ms]
2023-07-20 12:36:27.984 [info] > git for-each-ref --format=%(refname)%00%(upstream:short)%00%(objectname)%00%(upstream:track)%00%(upstream:remotename)%00%(upstream:remoteref) refs/heads/master refs/remotes/master [1ms]
2023-07-20 12:36:27.990 [info] > git status -z -uall [1ms]
2023-07-20 12:38:07.538 [info] > git config --get commit.template [5ms]
2023-07-20 12:38:07.539 [info] > git for-each-ref --format=%(refname)%00%(upstream:short)%00%(objectname)%00%(upstream:track)%00%(upstream:remotename)%00%(upstream:remoteref) refs/heads/master refs/remotes/master [1ms]
2023-07-20 12:38:07.543 [info] > git status -z -uall [1ms]
2023-07-20 12:38:30.763 [info] > git config --get commit.template [1ms]
2023-07-20 12:38:30.767 [info] > git for-each-ref --format=%(refname)%00%(upstream:short)%00%(objectname)%00%(upstream:track)%00%(upstream:remotename)%00%(upstream:remoteref) refs/heads/master refs/remotes/master [0ms]
2023-07-20 12:38:30.773 [info] > git status -z -uall [0ms]
2023-07-20 12:38:35.787 [info] > git config --get commit.template [1ms]
2023-07-20 12:38:35.794 [info] > git for-each-ref --format=%(refname)%00%(upstream:short)%00%(objectname)%00%(upstream:track)%00%(upstream:remotename)%00%(upstream:remoteref) refs/heads/master refs/remotes/master [1ms]
2023-07-20 12:38:35.802 [info] > git status -z -uall [0ms]
2023-07-20 12:41:03.890 [info] > git config --get commit.template [0ms]
2023-07-20 12:41:03.894 [info] > git for-each-ref --format=%(refname)%00%(upstream:short)%00%(objectname)%00%(upstream:track)%00%(upstream:remotename)%00%(upstream:remoteref) refs/heads/master refs/remotes/master [1ms]
2023-07-20 12:41:03.898 [info] > git status -z -uall [1ms]
2023-07-20 12:42:03.847 [info] > git config --get commit.template [5ms]
2023-07-20 12:42:03.847 [info] > git for-each-ref --format=%(refname)%00%(upstream:short)%00%(objectname)%00%(upstream:track)%00%(upstream:remotename)%00%(upstream:remoteref) refs/heads/master refs/remotes/master [1ms]
2023-07-20 12:42:03.851 [info] > git status -z -uall [0ms]
2023-07-20 12:44:41.742 [info] > git config --get commit.template [8ms]
2023-07-20 12:44:41.742 [info] > git for-each-ref --format=%(refname)%00%(upstream:short)%00%(objectname)%00%(upstream:track)%00%(upstream:remotename)%00%(upstream:remoteref) refs/heads/master refs/remotes/master [1ms]
2023-07-20 12:44:41.749 [info] > git status -z -uall [1ms]
2023-07-20 12:44:46.761 [info] > git config --get commit.template [1ms]
2023-07-20 12:44:46.768 [info] > git for-each-ref --format=%(refname)%00%(upstream:short)%00%(objectname)%00%(upstream:track)%00%(upstream:remotename)%00%(upstream:remoteref) refs/heads/master refs/remotes/master [1ms]
2023-07-20 12:44:46.775 [info] > git status -z -uall [1ms]
2023-07-20 12:49:33.774 [info] > git config --get commit.template [4ms]
2023-07-20 12:49:33.774 [info] > git for-each-ref --format=%(refname)%00%(upstream:short)%00%(objectname)%00%(upstream:track)%00%(upstream:remotename)%00%(upstream:remoteref) refs/heads/master refs/remotes/master [1ms]
2023-07-20 12:49:33.778 [info] > git status -z -uall [1ms]
2023-07-20 12:50:24.840 [info] > git config --get commit.template [0ms]
2023-07-20 12:50:24.845 [info] > git for-each-ref --format=%(refname)%00%(upstream:short)%00%(objectname)%00%(upstream:track)%00%(upstream:remotename)%00%(upstream:remoteref) refs/heads/master refs/remotes/master [1ms]
2023-07-20 12:50:24.850 [info] > git status -z -uall [1ms]
2023-07-20 12:50:29.860 [info] > git config --get commit.template [1ms]
2023-07-20 12:50:29.864 [info] > git for-each-ref --format=%(refname)%00%(upstream:short)%00%(objectname)%00%(upstream:track)%00%(upstream:remotename)%00%(upstream:remoteref) refs/heads/master refs/remotes/master [1ms]
2023-07-20 12:50:29.866 [info] > git status -z -uall [0ms]
2023-07-20 12:50:41.986 [info] > git config --get commit.template [4ms]
2023-07-20 12:50:41.986 [info] > git for-each-ref --format=%(refname)%00%(upstream:short)%00%(objectname)%00%(upstream:track)%00%(upstream:remotename)%00%(upstream:remoteref) refs/heads/master refs/remotes/master [1ms]
2023-07-20 12:50:41.990 [info] > git status -z -uall [1ms]
2023-07-20 12:52:03.426 [info] > git config --get commit.template [1ms]
2023-07-20 12:52:03.438 [info] > git ls-files --stage -- /home/jimmy/projects/zivix/firmware-updates/cpp/main.cpp [1ms]
2023-07-20 12:52:03.441 [info] > git ls-files --stage -- /home/jimmy/projects/zivix/firmware-updates/cpp/firmwareUpdate.cpp [6ms]
2023-07-20 12:52:03.444 [info] > git ls-files --stage -- /home/jimmy/projects/zivix/firmware-updates/cpp/firmwareUpdate.h [14ms]
2023-07-20 12:52:03.455 [info] > git cat-file -s cc038fc0f53b13f80a49929f9ffb064523657fad [6ms]
2023-07-20 12:52:03.456 [info] > git cat-file -s 9cc733b604c8c407c3ee78e9de26140596f6f64b [11ms]
2023-07-20 12:52:03.456 [info] > git cat-file -s bc40ed7c9e4874352e9f7750a0f83e6cb61c1cfb [16ms]
2023-07-20 12:52:03.456 [info] > git for-each-ref --format=%(refname)%00%(upstream:short)%00%(objectname)%00%(upstream:track)%00%(upstream:remotename)%00%(upstream:remoteref) refs/heads/master refs/remotes/master [2ms]
2023-07-20 12:52:03.472 [info] > git status -z -uall [11ms]
2023-07-20 12:52:03.472 [info] > git show --textconv :cpp/firmwareUpdate.h [7ms]
2023-07-20 12:52:03.472 [info] > git show --textconv :cpp/firmwareUpdate.cpp [4ms]
2023-07-20 12:52:03.472 [info] > git show --textconv :cpp/main.cpp [0ms]
2023-07-20 12:52:14.198 [info] > git config --get commit.template [2ms]
2023-07-20 12:52:14.205 [info] > git for-each-ref --format=%(refname)%00%(upstream:short)%00%(objectname)%00%(upstream:track)%00%(upstream:remotename)%00%(upstream:remoteref) refs/heads/master refs/remotes/master [1ms]
2023-07-20 12:52:14.213 [info] > git status -z -uall [0ms]
2023-07-20 13:45:04.325 [info] > git config --get commit.template [6ms]
2023-07-20 13:45:04.326 [info] > git for-each-ref --format=%(refname)%00%(upstream:short)%00%(objectname)%00%(upstream:track)%00%(upstream:remotename)%00%(upstream:remoteref) refs/heads/master refs/remotes/master [1ms]
2023-07-20 13:45:04.332 [info] > git status -z -uall [1ms]
2023-07-20 15:03:56.097 [info] > git config --get commit.template [3ms]
2023-07-20 15:03:56.097 [info] > git for-each-ref --format=%(refname)%00%(upstream:short)%00%(objectname)%00%(upstream:track)%00%(upstream:remotename)%00%(upstream:remoteref) refs/heads/master refs/remotes/master [1ms]
2023-07-20 15:03:56.101 [info] > git status -z -uall [1ms]
2023-07-20 15:03:56.138 [info] > git ls-files --stage -- /home/jimmy/projects/zivix/firmware-updates/cpp/firmwareUpdate.cpp [4ms]
2023-07-20 15:03:56.141 [info] > git ls-files --stage -- /home/jimmy/projects/zivix/firmware-updates/cpp/firmwareUpdate.h [11ms]
2023-07-20 15:03:56.145 [info] > git cat-file -s cc038fc0f53b13f80a49929f9ffb064523657fad [0ms]
2023-07-20 15:03:56.146 [info] > git cat-file -s 305ff91810c11d0d6d277c27a50601ffe94f4726 [4ms]
2023-07-20 15:03:56.146 [info] > git ls-files --stage -- /home/jimmy/projects/zivix/firmware-updates/cpp/main.cpp [8ms]
2023-07-20 15:03:56.156 [info] > git show --textconv :cpp/firmwareUpdate.h [4ms]
2023-07-20 15:03:56.157 [info] > git cat-file -s bc40ed7c9e4874352e9f7750a0f83e6cb61c1cfb [8ms]
2023-07-20 15:03:56.157 [info] > git show --textconv :cpp/firmwareUpdate.cpp [1ms]
2023-07-20 15:03:56.164 [info] > git show --textconv :cpp/main.cpp [0ms]
2023-07-20 15:04:19.095 [info] > git config --get commit.template [1ms]
2023-07-20 15:04:19.101 [info] > git for-each-ref --format=%(refname)%00%(upstream:short)%00%(objectname)%00%(upstream:track)%00%(upstream:remotename)%00%(upstream:remoteref) refs/heads/master refs/remotes/master [1ms]
2023-07-20 15:04:19.109 [info] > git status -z -uall [1ms]
2023-07-20 15:59:48.336 [info] > git for-each-ref --format=%(refname)%00%(upstream:short)%00%(objectname)%00%(upstream:track)%00%(upstream:remotename)%00%(upstream:remoteref) refs/heads/master refs/remotes/master [0ms]
2023-07-20 15:59:48.336 [info] > git config --get commit.template [5ms]
2023-07-20 15:59:48.341 [info] > git status -z -uall [1ms]
