2023-07-20 10:33:22.870 [info] Added views:workbench.panel.markers.view in workbench.panel.markers
2023-07-20 10:33:22.870 [info] Added views:workbench.panel.output in workbench.panel.output
2023-07-20 10:33:22.870 [info] Added views:terminal in terminal
2023-07-20 10:33:22.870 [info] Added views:outline in workbench.view.explorer
2023-07-20 10:33:22.870 [info] Added views:workbench.scm in workbench.view.scm
2023-07-20 10:33:22.870 [info] Added views:workbench.view.search in workbench.view.search
2023-07-20 10:33:22.870 [info] Added views:timeline in workbench.view.explorer
2023-07-20 10:33:22.870 [info] Added views:workbench.explorer.emptyView in workbench.view.explorer
2023-07-20 10:33:22.896 [info] Added views:workbench.debug.variablesView,workbench.debug.watchExpressionsView,workbench.debug.callStackView,workbench.debug.breakPointsView in workbench.view.debug
2023-07-20 10:33:23.109 [info] Added views:workbench.panel.repl.view in workbench.panel.repl
2023-07-20 10:33:23.110 [info] Removed views:workbench.debug.breakPointsView,workbench.debug.callStackView,workbench.debug.watchExpressionsView,workbench.debug.variablesView from workbench.view.debug
2023-07-20 10:33:23.110 [info] Added views:workbench.debug.welcome in workbench.view.debug
2023-07-20 10:33:44.538 [info] Added views:workbench.panel.markers.view in workbench.panel.markers
2023-07-20 10:33:44.538 [info] Added views:workbench.panel.output in workbench.panel.output
2023-07-20 10:33:44.538 [info] Added views:terminal in terminal
2023-07-20 10:33:44.538 [info] Added views:outline in workbench.view.explorer
2023-07-20 10:33:44.538 [info] Added views:workbench.scm in workbench.view.scm
2023-07-20 10:33:44.538 [info] Added views:workbench.view.search in workbench.view.search
2023-07-20 10:33:44.538 [info] Added views:timeline in workbench.view.explorer
2023-07-20 10:33:44.538 [info] Added views:workbench.explorer.fileView in workbench.view.explorer
2023-07-20 10:33:44.561 [info] Added views:workbench.debug.variablesView,workbench.debug.watchExpressionsView,workbench.debug.callStackView,workbench.debug.breakPointsView in workbench.view.debug
2023-07-20 10:33:44.745 [info] Added views:workbench.panel.repl.view in workbench.panel.repl
2023-07-20 10:33:44.745 [info] Removed views:workbench.debug.breakPointsView,workbench.debug.callStackView,workbench.debug.watchExpressionsView,workbench.debug.variablesView from workbench.view.debug
2023-07-20 10:33:44.746 [info] Added views:workbench.debug.welcome in workbench.view.debug
