2023-07-20 10:33:23.142 [info] Log level: Info
2023-07-20 10:33:23.142 [info] Validating found git in: "git"
2023-07-20 10:33:23.142 [info] Using git "2.41.0" from "git"
2023-07-20 10:33:44.784 [info] Log level: Info
2023-07-20 10:33:44.784 [info] Validating found git in: "git"
2023-07-20 10:33:44.784 [info] Using git "2.41.0" from "git"
2023-07-20 10:33:44.786 [info] > git rev-parse --show-toplevel [2ms]
2023-07-20 10:33:44.795 [info] > git rev-parse --git-dir --git-common-dir [4ms]
2023-07-20 10:33:44.799 [info] Open repository: /home/jimmy/projects/zivix/firmware-updates_old
2023-07-20 10:33:44.805 [info] > git rev-parse --show-toplevel [3ms]
2023-07-20 10:33:44.809 [info] > git rev-parse --show-toplevel [1ms]
2023-07-20 10:33:44.809 [info] > git config --get commit.template [4ms]
2023-07-20 10:33:44.813 [info] > git for-each-ref --format=%(refname)%00%(upstream:short)%00%(objectname)%00%(upstream:track)%00%(upstream:remotename)%00%(upstream:remoteref) refs/heads/master refs/remotes/master [1ms]
2023-07-20 10:33:44.817 [info] > git status -z -uall [1ms]
2023-07-20 10:33:44.823 [info] > git config --get commit.template [0ms]
2023-07-20 10:33:44.825 [info] > git for-each-ref --format=%(refname)%00%(upstream:short)%00%(objectname)%00%(upstream:track)%00%(upstream:remotename)%00%(upstream:remoteref) refs/heads/master refs/remotes/master [1ms]
2023-07-20 10:33:44.828 [info] > git status -z -uall [1ms]
2023-07-20 10:33:45.317 [info] > git check-ignore -v -z --stdin [2ms]
2023-07-20 10:35:23.942 [info] > git check-ignore -v -z --stdin [1ms]
2023-07-20 10:35:24.677 [info] > git check-ignore -v -z --stdin [1ms]
2023-07-20 10:35:25.326 [info] > git show --textconv :cpp/main.cpp [2ms]
2023-07-20 10:35:25.326 [info] > git ls-files --stage -- /home/jimmy/projects/zivix/firmware-updates_old/cpp/main.cpp [0ms]
2023-07-20 10:35:25.328 [info] > git cat-file -s 3e4c97fcedc8fd79424d1840194bbc70ded1d4c6 [0ms]
2023-07-20 10:36:16.116 [info] > git config --get commit.template [4ms]
2023-07-20 10:36:16.116 [info] > git for-each-ref --format %(refname) %(objectname) %(*objectname) refs/tags [1ms]
2023-07-20 10:36:16.119 [info] > git status -z -uall [1ms]
2023-07-20 10:36:16.141 [info] > git ls-files --stage -- /home/jimmy/projects/zivix/firmware-updates_old/cpp/main.cpp [0ms]
2023-07-20 10:36:16.143 [info] > git cat-file -s ab46ddec5663eabd668303396f14960e794d01b4 [0ms]
2023-07-20 10:36:16.146 [info] > git show --textconv :cpp/main.cpp [1ms]
2023-07-20 10:36:54.928 [info] > git show --textconv :cpp/firmwareUpdate.cpp [4ms]
2023-07-20 10:36:54.929 [info] > git ls-files --stage -- /home/jimmy/projects/zivix/firmware-updates_old/cpp/firmwareUpdate.cpp [2ms]
2023-07-20 10:36:54.931 [info] > git cat-file -s 4a6301595cb369cec59f0ea7804235c65c639f2a [0ms]
2023-07-20 10:36:58.196 [info] > git show --textconv :cpp/firmwareUpdate.h [4ms]
2023-07-20 10:36:58.196 [info] > git ls-files --stage -- /home/jimmy/projects/zivix/firmware-updates_old/cpp/firmwareUpdate.h [1ms]
2023-07-20 10:36:58.200 [info] > git cat-file -s 9b0f32476dc99200f90bcb60cc7f28da0e4a5851 [1ms]
2023-07-20 10:37:00.677 [info] > git show --textconv :cpp/main.cpp [5ms]
2023-07-20 10:37:00.677 [info] > git ls-files --stage -- /home/jimmy/projects/zivix/firmware-updates_old/cpp/main.cpp [1ms]
2023-07-20 10:37:00.683 [info] > git cat-file -s ab46ddec5663eabd668303396f14960e794d01b4 [2ms]
2023-07-20 10:37:50.262 [info] > git check-ignore -v -z --stdin [1ms]
2023-07-20 10:37:51.363 [info] > git config --get commit.template [5ms]
2023-07-20 10:37:51.363 [info] > git for-each-ref --format %(refname) %(objectname) %(*objectname) refs/tags [2ms]
2023-07-20 10:37:51.367 [info] > git status -z -uall [2ms]
2023-07-20 10:38:08.354 [info] > git config --get commit.template [3ms]
2023-07-20 10:38:08.359 [info] > git for-each-ref --format %(refname) %(objectname) %(*objectname) refs/tags [1ms]
2023-07-20 10:38:08.362 [info] > git status -z -uall [1ms]
2023-07-20 10:38:21.438 [info] > git show --textconv :cpp/firmwareUpdate.cpp [6ms]
2023-07-20 10:38:21.438 [info] > git ls-files --stage -- /home/jimmy/projects/zivix/firmware-updates_old/cpp/firmwareUpdate.cpp [1ms]
2023-07-20 10:38:21.443 [info] > git cat-file -s 4a6301595cb369cec59f0ea7804235c65c639f2a [2ms]
2023-07-20 10:38:30.733 [info] > git config --get commit.template [2ms]
2023-07-20 10:38:30.734 [info] > git for-each-ref --format %(refname) %(objectname) %(*objectname) refs/tags [1ms]
2023-07-20 10:38:30.736 [info] > git status -z -uall [1ms]
2023-07-20 10:39:34.833 [info] > git config --get commit.template [3ms]
2023-07-20 10:39:34.833 [info] > git for-each-ref --format %(refname) %(objectname) %(*objectname) refs/tags [0ms]
2023-07-20 10:39:34.838 [info] > git status -z -uall [1ms]
2023-07-20 10:42:56.075 [info] > git show --textconv :cpp/main.cpp [4ms]
2023-07-20 10:42:56.075 [info] > git ls-files --stage -- /home/jimmy/projects/zivix/firmware-updates_old/cpp/main.cpp [1ms]
2023-07-20 10:42:56.079 [info] > git cat-file -s ab46ddec5663eabd668303396f14960e794d01b4 [1ms]
2023-07-20 10:46:08.705 [info] > git config --get commit.template [5ms]
2023-07-20 10:46:08.706 [info] > git for-each-ref --format %(refname) %(objectname) %(*objectname) refs/tags [1ms]
2023-07-20 10:46:08.712 [info] > git status -z -uall [1ms]
2023-07-20 10:46:26.692 [info] > git config --get commit.template [1ms]
2023-07-20 10:46:26.697 [info] > git for-each-ref --format %(refname) %(objectname) %(*objectname) refs/tags [2ms]
2023-07-20 10:46:26.700 [info] > git status -z -uall [1ms]
2023-07-20 10:48:27.027 [info] > git config --get commit.template [3ms]
2023-07-20 10:48:27.027 [info] > git for-each-ref --format %(refname) %(objectname) %(*objectname) refs/tags [0ms]
2023-07-20 10:48:27.031 [info] > git status -z -uall [0ms]
2023-07-20 10:51:10.885 [info] > git config --get commit.template [1ms]
2023-07-20 10:51:10.889 [info] > git for-each-ref --format %(refname) %(objectname) %(*objectname) refs/tags [1ms]
2023-07-20 10:51:10.894 [info] > git status -z -uall [1ms]
2023-07-20 10:51:56.507 [info] > git config --get commit.template [7ms]
2023-07-20 10:51:56.507 [info] > git for-each-ref --format %(refname) %(objectname) %(*objectname) refs/tags [1ms]
2023-07-20 10:51:56.515 [info] > git status -z -uall [1ms]
