2023-07-20 10:32:42.109 [info] Log level: Info
2023-07-20 10:32:42.109 [info] Validating found git in: "git"
2023-07-20 10:32:42.109 [info] Using git "2.41.0" from "git"
2023-07-20 10:32:42.109 [info] > git rev-parse --show-toplevel [2ms]
2023-07-20 10:32:42.109 [info] > git rev-parse --git-dir --git-common-dir [6ms]
2023-07-20 10:32:42.109 [info] Open repository: /home/jimmy/projects/zivix/firmware-updates
2023-07-20 10:32:42.109 [info] > git rev-parse --show-toplevel [5ms]
2023-07-20 10:32:42.110 [info] > git rev-parse --show-toplevel [3ms]
2023-07-20 10:32:42.114 [info] > git config --get commit.template [11ms]
2023-07-20 10:32:42.115 [info] > git rev-parse --show-toplevel [1ms]
2023-07-20 10:32:42.123 [info] > git for-each-ref --format=%(refname)%00%(upstream:short)%00%(objectname)%00%(upstream:track)%00%(upstream:remotename)%00%(upstream:remoteref) refs/heads/master refs/remotes/master [1ms]
2023-07-20 10:32:42.128 [info] > git status -z -uall [1ms]
2023-07-20 10:32:42.135 [info] > git config --get commit.template [1ms]
2023-07-20 10:32:42.140 [info] > git for-each-ref --format=%(refname)%00%(upstream:short)%00%(objectname)%00%(upstream:track)%00%(upstream:remotename)%00%(upstream:remoteref) refs/heads/master refs/remotes/master [1ms]
2023-07-20 10:32:42.144 [info] > git status -z -uall [1ms]
2023-07-20 10:32:42.412 [info] > git show --textconv :cpp/main.cpp [8ms]
2023-07-20 10:32:42.412 [info] > git ls-files --stage -- /home/jimmy/projects/zivix/firmware-updates/cpp/main.cpp [1ms]
2023-07-20 10:32:42.422 [info] > git cat-file -s 3e4c97fcedc8fd79424d1840194bbc70ded1d4c6 [2ms]
2023-07-20 10:32:42.608 [info] > git check-ignore -v -z --stdin [2ms]
2023-07-20 10:36:22.208 [info] > git show --textconv :cpp/firmwareUpdate.h [3ms]
2023-07-20 10:36:22.208 [info] > git ls-files --stage -- /home/jimmy/projects/zivix/firmware-updates/cpp/firmwareUpdate.h [0ms]
2023-07-20 10:36:22.212 [info] > git cat-file -s ae33ab81db82cbf2053d56c078698fdf4f3ea8e0 [1ms]
2023-07-20 10:36:22.987 [info] > git show --textconv :cpp/json.hpp [2ms]
2023-07-20 10:36:22.988 [info] > git ls-files --stage -- /home/jimmy/projects/zivix/firmware-updates/cpp/json.hpp [1ms]
2023-07-20 10:36:24.147 [info] > git show --textconv :cpp/firmwareUpdate.cpp [4ms]
2023-07-20 10:36:24.148 [info] > git ls-files --stage -- /home/jimmy/projects/zivix/firmware-updates/cpp/firmwareUpdate.cpp [1ms]
2023-07-20 10:36:24.151 [info] > git cat-file -s 0f0d411048d554bb795c9b8edc937cb2d4e7e612 [1ms]
2023-07-20 10:44:52.226 [info] > git show --textconv :cpp/main.cpp [5ms]
2023-07-20 10:44:52.226 [info] > git ls-files --stage -- /home/jimmy/projects/zivix/firmware-updates/cpp/main.cpp [1ms]
2023-07-20 10:44:52.232 [info] > git cat-file -s 3e4c97fcedc8fd79424d1840194bbc70ded1d4c6 [1ms]
2023-07-20 10:45:17.900 [info] > git config --get commit.template [1ms]
2023-07-20 10:45:17.908 [info] > git for-each-ref --format=%(refname)%00%(upstream:short)%00%(objectname)%00%(upstream:track)%00%(upstream:remotename)%00%(upstream:remoteref) refs/heads/master refs/remotes/master [1ms]
2023-07-20 10:45:17.913 [info] > git status -z -uall [1ms]
2023-07-20 10:48:43.225 [info] > git config --get commit.template [1ms]
2023-07-20 10:48:43.234 [info] > git for-each-ref --format=%(refname)%00%(upstream:short)%00%(objectname)%00%(upstream:track)%00%(upstream:remotename)%00%(upstream:remoteref) refs/heads/master refs/remotes/master [1ms]
2023-07-20 10:48:43.244 [info] > git status -z -uall [1ms]
2023-07-20 10:48:48.260 [info] > git config --get commit.template [1ms]
2023-07-20 10:48:48.267 [info] > git for-each-ref --format=%(refname)%00%(upstream:short)%00%(objectname)%00%(upstream:track)%00%(upstream:remotename)%00%(upstream:remoteref) refs/heads/master refs/remotes/master [1ms]
2023-07-20 10:48:48.271 [info] > git status -z -uall [0ms]
2023-07-20 10:54:29.545 [info] > git check-ignore -v -z --stdin [1ms]
2023-07-20 10:58:20.175 [info] > git config --get commit.template [1ms]
2023-07-20 10:58:20.181 [info] > git for-each-ref --format=%(refname)%00%(upstream:short)%00%(objectname)%00%(upstream:track)%00%(upstream:remotename)%00%(upstream:remoteref) refs/heads/master refs/remotes/master [0ms]
2023-07-20 10:58:20.188 [info] > git status -z -uall [1ms]
2023-07-20 10:58:37.421 [info] > git config --get commit.template [1ms]
2023-07-20 10:58:37.426 [info] > git for-each-ref --format=%(refname)%00%(upstream:short)%00%(objectname)%00%(upstream:track)%00%(upstream:remotename)%00%(upstream:remoteref) refs/heads/master refs/remotes/master [1ms]
2023-07-20 10:58:37.430 [info] > git status -z -uall [1ms]
2023-07-20 10:59:22.418 [info] > git config --get commit.template [0ms]
2023-07-20 10:59:22.425 [info] > git for-each-ref --format=%(refname)%00%(upstream:short)%00%(objectname)%00%(upstream:track)%00%(upstream:remotename)%00%(upstream:remoteref) refs/heads/master refs/remotes/master [1ms]
2023-07-20 10:59:22.432 [info] > git status -z -uall [1ms]
2023-07-20 11:00:06.876 [info] > git config --get commit.template [4ms]
2023-07-20 11:00:06.876 [info] > git for-each-ref --format=%(refname)%00%(upstream:short)%00%(objectname)%00%(upstream:track)%00%(upstream:remotename)%00%(upstream:remoteref) refs/heads/master refs/remotes/master [0ms]
2023-07-20 11:00:06.881 [info] > git status -z -uall [0ms]
2023-07-20 11:00:06.912 [info] > git ls-files --stage -- /home/jimmy/projects/zivix/firmware-updates/cpp/firmwareUpdate.cpp [4ms]
2023-07-20 11:00:06.915 [info] > git ls-files --stage -- /home/jimmy/projects/zivix/firmware-updates/cpp/json.hpp [12ms]
2023-07-20 11:00:06.916 [info] > git ls-files --stage -- /home/jimmy/projects/zivix/firmware-updates/cpp/firmwareUpdate.h [17ms]
2023-07-20 11:00:06.920 [info] > git cat-file -s ae33ab81db82cbf2053d56c078698fdf4f3ea8e0 [1ms]
2023-07-20 11:00:06.920 [info] > git cat-file -s f2415565c0386fc87f1951467db15e485942bb14 [5ms]
2023-07-20 11:00:06.921 [info] > git ls-files --stage -- /home/jimmy/projects/zivix/firmware-updates/cpp/main.cpp [10ms]
2023-07-20 11:00:06.929 [info] > git show --textconv :cpp/json.hpp [1ms]
2023-07-20 11:00:06.929 [info] > git cat-file -s f9f082afafb0df333394d5e5552fce948539dd4d [5ms]
2023-07-20 11:00:06.934 [info] > git show --textconv :cpp/firmwareUpdate.h [2ms]
2023-07-20 11:00:06.938 [info] > git show --textconv :cpp/firmwareUpdate.cpp [4ms]
2023-07-20 11:00:06.938 [info] > git show --textconv :cpp/main.cpp [1ms]
2023-07-20 11:04:28.480 [info] > git show --textconv :js/examples.js [5ms]
2023-07-20 11:04:28.481 [info] > git ls-files --stage -- /home/jimmy/projects/zivix/firmware-updates/js/examples.js [2ms]
2023-07-20 11:04:28.487 [info] > git cat-file -s bb22f6995f5be8819098d8bb6cb7ccdf482fb7a5 [3ms]
2023-07-20 11:04:32.071 [info] > git check-ignore -v -z --stdin [1ms]
2023-07-20 11:05:28.841 [info] > git config --get commit.template [1ms]
2023-07-20 11:05:28.866 [info] > git ls-files --stage -- /home/jimmy/projects/zivix/firmware-updates/js/examples.js [2ms]
2023-07-20 11:05:28.871 [info] > git ls-files --stage -- /home/jimmy/projects/zivix/firmware-updates/cpp/main.cpp [12ms]
2023-07-20 11:05:28.874 [info] > git ls-files --stage -- /home/jimmy/projects/zivix/firmware-updates/cpp/firmwareUpdate.cpp [19ms]
2023-07-20 11:05:28.878 [info] > git ls-files --stage -- /home/jimmy/projects/zivix/firmware-updates/cpp/json.hpp [27ms]
2023-07-20 11:05:28.878 [info] > git ls-files --stage -- /home/jimmy/projects/zivix/firmware-updates/cpp/firmwareUpdate.h [32ms]
2023-07-20 11:05:28.883 [info] > git cat-file -s f2415565c0386fc87f1951467db15e485942bb14 [6ms]
2023-07-20 11:05:28.883 [info] > git cat-file -s f9f082afafb0df333394d5e5552fce948539dd4d [9ms]
2023-07-20 11:05:28.883 [info] > git cat-file -s bb22f6995f5be8819098d8bb6cb7ccdf482fb7a5 [13ms]
2023-07-20 11:05:28.887 [info] > git for-each-ref --format=%(refname)%00%(upstream:short)%00%(objectname)%00%(upstream:track)%00%(upstream:remotename)%00%(upstream:remoteref) refs/heads/master refs/remotes/master [4ms]
2023-07-20 11:05:28.890 [info] > git cat-file -s ae33ab81db82cbf2053d56c078698fdf4f3ea8e0 [9ms]
2023-07-20 11:05:28.892 [info] > git show --textconv :cpp/json.hpp [6ms]
2023-07-20 11:05:28.892 [info] > git status -z -uall [2ms]
2023-07-20 11:05:28.904 [info] > git show --textconv :cpp/firmwareUpdate.cpp [12ms]
2023-07-20 11:05:28.904 [info] > git show --textconv :cpp/main.cpp [9ms]
2023-07-20 11:05:28.904 [info] > git show --textconv :js/examples.js [5ms]
2023-07-20 11:05:28.904 [info] > git show --textconv :cpp/firmwareUpdate.h [1ms]
2023-07-20 11:05:42.059 [info] > git config --get commit.template [1ms]
2023-07-20 11:05:42.066 [info] > git for-each-ref --format=%(refname)%00%(upstream:short)%00%(objectname)%00%(upstream:track)%00%(upstream:remotename)%00%(upstream:remoteref) refs/heads/master refs/remotes/master [1ms]
2023-07-20 11:05:42.071 [info] > git status -z -uall [0ms]
2023-07-20 11:09:38.118 [info] > git config --get commit.template [4ms]
2023-07-20 11:09:38.118 [info] > git for-each-ref --format=%(refname)%00%(upstream:short)%00%(objectname)%00%(upstream:track)%00%(upstream:remotename)%00%(upstream:remoteref) refs/heads/master refs/remotes/master [1ms]
2023-07-20 11:09:38.123 [info] > git status -z -uall [1ms]
2023-07-20 11:10:52.638 [info] > git config --get commit.template [4ms]
2023-07-20 11:10:52.638 [info] > git for-each-ref --format=%(refname)%00%(upstream:short)%00%(objectname)%00%(upstream:track)%00%(upstream:remotename)%00%(upstream:remoteref) refs/heads/master refs/remotes/master [0ms]
2023-07-20 11:10:52.643 [info] > git status -z -uall [1ms]
2023-07-20 11:11:12.485 [info] > git config --get commit.template [1ms]
2023-07-20 11:11:12.491 [info] > git for-each-ref --format=%(refname)%00%(upstream:short)%00%(objectname)%00%(upstream:track)%00%(upstream:remotename)%00%(upstream:remoteref) refs/heads/master refs/remotes/master [0ms]
2023-07-20 11:11:12.495 [info] > git status -z -uall [1ms]
2023-07-20 11:18:05.076 [info] > git config --get commit.template [0ms]
2023-07-20 11:18:05.080 [info] > git for-each-ref --format=%(refname)%00%(upstream:short)%00%(objectname)%00%(upstream:track)%00%(upstream:remotename)%00%(upstream:remoteref) refs/heads/master refs/remotes/master [1ms]
2023-07-20 11:18:05.085 [info] > git status -z -uall [1ms]
2023-07-20 11:19:14.456 [info] > git config --get commit.template [2ms]
2023-07-20 11:19:14.457 [info] > git for-each-ref --format=%(refname)%00%(upstream:short)%00%(objectname)%00%(upstream:track)%00%(upstream:remotename)%00%(upstream:remoteref) refs/heads/master refs/remotes/master [1ms]
2023-07-20 11:19:14.460 [info] > git status -z -uall [1ms]
2023-07-20 11:22:48.509 [info] > git config --get commit.template [6ms]
2023-07-20 11:22:48.509 [info] > git for-each-ref --format=%(refname)%00%(upstream:short)%00%(objectname)%00%(upstream:track)%00%(upstream:remotename)%00%(upstream:remoteref) refs/heads/master refs/remotes/master [1ms]
2023-07-20 11:22:48.513 [info] > git status -z -uall [1ms]
2023-07-20 11:24:36.339 [info] > git config --get commit.template [2ms]
2023-07-20 11:24:36.347 [info] > git for-each-ref --format=%(refname)%00%(upstream:short)%00%(objectname)%00%(upstream:track)%00%(upstream:remotename)%00%(upstream:remoteref) refs/heads/master refs/remotes/master [1ms]
2023-07-20 11:24:36.353 [info] > git status -z -uall [0ms]
2023-07-20 11:27:26.289 [info] > git config --get commit.template [1ms]
2023-07-20 11:27:26.294 [info] > git for-each-ref --format=%(refname)%00%(upstream:short)%00%(objectname)%00%(upstream:track)%00%(upstream:remotename)%00%(upstream:remoteref) refs/heads/master refs/remotes/master [0ms]
2023-07-20 11:27:26.300 [info] > git status -z -uall [1ms]
2023-07-20 11:27:46.087 [info] > git config --get commit.template [5ms]
2023-07-20 11:27:46.087 [info] > git for-each-ref --format=%(refname)%00%(upstream:short)%00%(objectname)%00%(upstream:track)%00%(upstream:remotename)%00%(upstream:remoteref) refs/heads/master refs/remotes/master [1ms]
2023-07-20 11:27:46.092 [info] > git status -z -uall [1ms]
2023-07-20 11:27:51.108 [info] > git config --get commit.template [9ms]
2023-07-20 11:27:51.108 [info] > git for-each-ref --format=%(refname)%00%(upstream:short)%00%(objectname)%00%(upstream:track)%00%(upstream:remotename)%00%(upstream:remoteref) refs/heads/master refs/remotes/master [1ms]
2023-07-20 11:27:51.115 [info] > git status -z -uall [1ms]
2023-07-20 11:28:13.154 [info] > git config --get commit.template [1ms]
2023-07-20 11:28:13.161 [info] > git for-each-ref --format=%(refname)%00%(upstream:short)%00%(objectname)%00%(upstream:track)%00%(upstream:remotename)%00%(upstream:remoteref) refs/heads/master refs/remotes/master [1ms]
2023-07-20 11:28:13.168 [info] > git status -z -uall [0ms]
2023-07-20 11:28:36.164 [info] > git config --get commit.template [4ms]
2023-07-20 11:28:36.165 [info] > git for-each-ref --format=%(refname)%00%(upstream:short)%00%(objectname)%00%(upstream:track)%00%(upstream:remotename)%00%(upstream:remoteref) refs/heads/master refs/remotes/master [1ms]
2023-07-20 11:28:36.169 [info] > git status -z -uall [1ms]
2023-07-20 11:30:40.681 [info] > git config --get commit.template [1ms]
2023-07-20 11:30:40.689 [info] > git for-each-ref --format=%(refname)%00%(upstream:short)%00%(objectname)%00%(upstream:track)%00%(upstream:remotename)%00%(upstream:remoteref) refs/heads/master refs/remotes/master [1ms]
2023-07-20 11:30:40.696 [info] > git status -z -uall [1ms]
2023-07-20 11:32:22.327 [info] > git config --get commit.template [1ms]
2023-07-20 11:32:22.333 [info] > git for-each-ref --format=%(refname)%00%(upstream:short)%00%(objectname)%00%(upstream:track)%00%(upstream:remotename)%00%(upstream:remoteref) refs/heads/master refs/remotes/master [1ms]
2023-07-20 11:32:22.341 [info] > git status -z -uall [1ms]
2023-07-20 11:33:51.495 [info] > git config --get commit.template [4ms]
2023-07-20 11:33:51.495 [info] > git for-each-ref --format=%(refname)%00%(upstream:short)%00%(objectname)%00%(upstream:track)%00%(upstream:remotename)%00%(upstream:remoteref) refs/heads/master refs/remotes/master [0ms]
2023-07-20 11:33:51.499 [info] > git status -z -uall [0ms]
2023-07-20 11:43:58.136 [info] > git config --get commit.template [1ms]
2023-07-20 11:43:58.143 [info] > git for-each-ref --format=%(refname)%00%(upstream:short)%00%(objectname)%00%(upstream:track)%00%(upstream:remotename)%00%(upstream:remoteref) refs/heads/master refs/remotes/master [0ms]
2023-07-20 11:43:58.149 [info] > git status -z -uall [0ms]
2023-07-20 11:45:44.665 [info] > git config --get commit.template [1ms]
2023-07-20 11:45:44.671 [info] > git for-each-ref --format=%(refname)%00%(upstream:short)%00%(objectname)%00%(upstream:track)%00%(upstream:remotename)%00%(upstream:remoteref) refs/heads/master refs/remotes/master [2ms]
2023-07-20 11:45:44.678 [info] > git status -z -uall [1ms]
2023-07-20 11:46:15.220 [info] > git config --get commit.template [1ms]
2023-07-20 11:46:15.227 [info] > git for-each-ref --format=%(refname)%00%(upstream:short)%00%(objectname)%00%(upstream:track)%00%(upstream:remotename)%00%(upstream:remoteref) refs/heads/master refs/remotes/master [1ms]
2023-07-20 11:46:15.235 [info] > git status -z -uall [1ms]
2023-07-20 11:46:20.248 [info] > git config --get commit.template [1ms]
2023-07-20 11:46:20.254 [info] > git for-each-ref --format=%(refname)%00%(upstream:short)%00%(objectname)%00%(upstream:track)%00%(upstream:remotename)%00%(upstream:remoteref) refs/heads/master refs/remotes/master [1ms]
2023-07-20 11:46:20.264 [info] > git status -z -uall [1ms]
2023-07-20 11:47:03.888 [info] > git config --get commit.template [0ms]
2023-07-20 11:47:03.895 [info] > git for-each-ref --format=%(refname)%00%(upstream:short)%00%(objectname)%00%(upstream:track)%00%(upstream:remotename)%00%(upstream:remoteref) refs/heads/master refs/remotes/master [0ms]
2023-07-20 11:47:03.902 [info] > git status -z -uall [0ms]
2023-07-20 11:48:30.667 [info] > git config --get commit.template [0ms]
2023-07-20 11:48:30.674 [info] > git for-each-ref --format=%(refname)%00%(upstream:short)%00%(objectname)%00%(upstream:track)%00%(upstream:remotename)%00%(upstream:remoteref) refs/heads/master refs/remotes/master [1ms]
2023-07-20 11:48:30.681 [info] > git status -z -uall [0ms]
2023-07-20 11:51:26.332 [info] > git config --get commit.template [1ms]
2023-07-20 11:51:26.338 [info] > git for-each-ref --format=%(refname)%00%(upstream:short)%00%(objectname)%00%(upstream:track)%00%(upstream:remotename)%00%(upstream:remoteref) refs/heads/master refs/remotes/master [1ms]
2023-07-20 11:51:26.344 [info] > git status -z -uall [1ms]
2023-07-20 11:51:31.355 [info] > git config --get commit.template [1ms]
2023-07-20 11:51:31.362 [info] > git for-each-ref --format=%(refname)%00%(upstream:short)%00%(objectname)%00%(upstream:track)%00%(upstream:remotename)%00%(upstream:remoteref) refs/heads/master refs/remotes/master [1ms]
2023-07-20 11:51:31.370 [info] > git status -z -uall [1ms]
2023-07-20 11:54:44.774 [info] > git config --get commit.template [1ms]
2023-07-20 11:54:44.782 [info] > git for-each-ref --format=%(refname)%00%(upstream:short)%00%(objectname)%00%(upstream:track)%00%(upstream:remotename)%00%(upstream:remoteref) refs/heads/master refs/remotes/master [1ms]
2023-07-20 11:54:44.789 [info] > git status -z -uall [0ms]
2023-07-20 11:54:59.389 [info] > git config --get commit.template [7ms]
2023-07-20 11:54:59.390 [info] > git for-each-ref --format=%(refname)%00%(upstream:short)%00%(objectname)%00%(upstream:track)%00%(upstream:remotename)%00%(upstream:remoteref) refs/heads/master refs/remotes/master [1ms]
2023-07-20 11:54:59.396 [info] > git status -z -uall [1ms]
2023-07-20 11:57:07.122 [info] > git config --get commit.template [0ms]
2023-07-20 11:57:07.130 [info] > git for-each-ref --format=%(refname)%00%(upstream:short)%00%(objectname)%00%(upstream:track)%00%(upstream:remotename)%00%(upstream:remoteref) refs/heads/master refs/remotes/master [1ms]
2023-07-20 11:57:07.134 [info] > git status -z -uall [0ms]
2023-07-20 11:57:16.058 [info] > git config --get commit.template [4ms]
2023-07-20 11:57:16.058 [info] > git for-each-ref --format=%(refname)%00%(upstream:short)%00%(objectname)%00%(upstream:track)%00%(upstream:remotename)%00%(upstream:remoteref) refs/heads/master refs/remotes/master [0ms]
2023-07-20 11:57:16.072 [info] > git status -z -uall [1ms]
2023-07-20 11:57:21.083 [info] > git config --get commit.template [1ms]
2023-07-20 11:57:21.090 [info] > git for-each-ref --format=%(refname)%00%(upstream:short)%00%(objectname)%00%(upstream:track)%00%(upstream:remotename)%00%(upstream:remoteref) refs/heads/master refs/remotes/master [0ms]
2023-07-20 11:57:21.095 [info] > git status -z -uall [1ms]
2023-07-20 11:58:13.548 [info] > git config --get commit.template [0ms]
2023-07-20 11:58:13.554 [info] > git for-each-ref --format=%(refname)%00%(upstream:short)%00%(objectname)%00%(upstream:track)%00%(upstream:remotename)%00%(upstream:remoteref) refs/heads/master refs/remotes/master [1ms]
2023-07-20 11:58:13.559 [info] > git status -z -uall [0ms]
2023-07-20 11:58:18.572 [info] > git config --get commit.template [1ms]
2023-07-20 11:58:18.581 [info] > git for-each-ref --format=%(refname)%00%(upstream:short)%00%(objectname)%00%(upstream:track)%00%(upstream:remotename)%00%(upstream:remoteref) refs/heads/master refs/remotes/master [2ms]
2023-07-20 11:58:18.589 [info] > git status -z -uall [1ms]
2023-07-20 11:58:26.658 [info] > git config --get commit.template [1ms]
2023-07-20 11:58:26.664 [info] > git for-each-ref --format=%(refname)%00%(upstream:short)%00%(objectname)%00%(upstream:track)%00%(upstream:remotename)%00%(upstream:remoteref) refs/heads/master refs/remotes/master [0ms]
2023-07-20 11:58:26.671 [info] > git status -z -uall [2ms]
2023-07-20 11:58:32.329 [info] > git config --get commit.template [1ms]
2023-07-20 11:58:32.337 [info] > git for-each-ref --format=%(refname)%00%(upstream:short)%00%(objectname)%00%(upstream:track)%00%(upstream:remotename)%00%(upstream:remoteref) refs/heads/master refs/remotes/master [0ms]
2023-07-20 11:58:32.345 [info] > git status -z -uall [1ms]
2023-07-20 11:58:37.357 [info] > git config --get commit.template [1ms]
2023-07-20 11:58:37.364 [info] > git for-each-ref --format=%(refname)%00%(upstream:short)%00%(objectname)%00%(upstream:track)%00%(upstream:remotename)%00%(upstream:remoteref) refs/heads/master refs/remotes/master [1ms]
2023-07-20 11:58:37.371 [info] > git status -z -uall [1ms]
2023-07-20 12:01:21.121 [info] > git config --get commit.template [6ms]
2023-07-20 12:01:21.121 [info] > git for-each-ref --format=%(refname)%00%(upstream:short)%00%(objectname)%00%(upstream:track)%00%(upstream:remotename)%00%(upstream:remoteref) refs/heads/master refs/remotes/master [0ms]
2023-07-20 12:01:21.126 [info] > git status -z -uall [0ms]
2023-07-20 12:01:21.156 [info] > git ls-files --stage -- /home/jimmy/projects/zivix/firmware-updates/cpp/json.hpp [5ms]
2023-07-20 12:01:21.156 [info] > git ls-files --stage -- /home/jimmy/projects/zivix/firmware-updates/cpp/firmwareUpdate.h [9ms]
2023-07-20 12:01:21.169 [info] > git ls-files --stage -- /home/jimmy/projects/zivix/firmware-updates/js/examples.js [1ms]
2023-07-20 12:01:21.174 [info] > git ls-files --stage -- /home/jimmy/projects/zivix/firmware-updates/cpp/main.cpp [10ms]
2023-07-20 12:01:21.178 [info] > git cat-file -s c8418759f582e74a706d4019259bfe6f995bc52e [17ms]
2023-07-20 12:01:21.178 [info] > git ls-files --stage -- /home/jimmy/projects/zivix/firmware-updates/cpp/firmwareUpdate.cpp [22ms]
2023-07-20 12:01:21.182 [info] > git cat-file -s 92a9c1930c1cb4500a481b6a3b2917f17dae167c [4ms]
2023-07-20 12:01:21.183 [info] > git cat-file -s bb22f6995f5be8819098d8bb6cb7ccdf482fb7a5 [9ms]
2023-07-20 12:01:21.183 [info] > git cat-file -s 1403a7a9c00841f51338df6f0576ca0e542088de [1ms]
2023-07-20 12:01:21.238 [info] > git show --textconv :cpp/json.hpp [15ms]
2023-07-20 12:01:21.238 [info] > git show --textconv :cpp/firmwareUpdate.h [12ms]
2023-07-20 12:01:21.238 [info] > git show --textconv :cpp/main.cpp [8ms]
2023-07-20 12:01:21.238 [info] > git show --textconv :js/examples.js [4ms]
2023-07-20 12:01:21.238 [info] > git show --textconv :cpp/firmwareUpdate.cpp [0ms]
2023-07-20 12:01:26.141 [info] > git config --get commit.template [1ms]
2023-07-20 12:01:26.150 [info] > git for-each-ref --format=%(refname)%00%(upstream:short)%00%(objectname)%00%(upstream:track)%00%(upstream:remotename)%00%(upstream:remoteref) refs/heads/master refs/remotes/master [2ms]
2023-07-20 12:01:26.157 [info] > git status -z -uall [1ms]
2023-07-20 12:04:10.249 [info] > git for-each-ref --format=%(refname)%00%(upstream:short)%00%(objectname)%00%(upstream:track)%00%(upstream:remotename)%00%(upstream:remoteref) refs/heads/master refs/remotes/master [1ms]
2023-07-20 12:04:10.249 [info] > git config --get commit.template [7ms]
2023-07-20 12:04:10.255 [info] > git status -z -uall [1ms]
2023-07-20 12:05:03.562 [info] > git config --get commit.template [1ms]
2023-07-20 12:05:03.566 [info] > git for-each-ref --format=%(refname)%00%(upstream:short)%00%(objectname)%00%(upstream:track)%00%(upstream:remotename)%00%(upstream:remoteref) refs/heads/master refs/remotes/master [1ms]
2023-07-20 12:05:03.570 [info] > git status -z -uall [1ms]
2023-07-20 12:05:12.674 [info] > git config --get commit.template [2ms]
2023-07-20 12:05:12.679 [info] > git for-each-ref --format=%(refname)%00%(upstream:short)%00%(objectname)%00%(upstream:track)%00%(upstream:remotename)%00%(upstream:remoteref) refs/heads/master refs/remotes/master [1ms]
2023-07-20 12:05:12.683 [info] > git status -z -uall [1ms]
2023-07-20 12:05:15.082 [info] > git check-ignore -v -z --stdin [0ms]
2023-07-20 12:05:20.769 [info] > git check-ignore -v -z --stdin [1ms]
2023-07-20 12:05:21.321 [info] > git config --get commit.template [0ms]
2023-07-20 12:05:21.327 [info] > git for-each-ref --format=%(refname)%00%(upstream:short)%00%(objectname)%00%(upstream:track)%00%(upstream:remotename)%00%(upstream:remoteref) refs/heads/master refs/remotes/master [1ms]
2023-07-20 12:05:21.331 [info] > git status -z -uall [0ms]
2023-07-20 12:06:55.225 [info] > git check-ignore -v -z --stdin [1ms]
2023-07-20 12:06:55.296 [info] > git config --get commit.template [0ms]
2023-07-20 12:06:55.304 [info] > git for-each-ref --format=%(refname)%00%(upstream:short)%00%(objectname)%00%(upstream:track)%00%(upstream:remotename)%00%(upstream:remoteref) refs/heads/master refs/remotes/master [1ms]
2023-07-20 12:06:55.312 [info] > git status -z -uall [1ms]
2023-07-20 12:08:46.286 [info] > git config --get commit.template [1ms]
2023-07-20 12:08:46.293 [info] > git for-each-ref --format=%(refname)%00%(upstream:short)%00%(objectname)%00%(upstream:track)%00%(upstream:remotename)%00%(upstream:remoteref) refs/heads/master refs/remotes/master [1ms]
2023-07-20 12:08:46.300 [info] > git status -z -uall [1ms]
2023-07-20 12:09:23.850 [info] > git config --get commit.template [1ms]
2023-07-20 12:09:23.858 [info] > git for-each-ref --format=%(refname)%00%(upstream:short)%00%(objectname)%00%(upstream:track)%00%(upstream:remotename)%00%(upstream:remoteref) refs/heads/master refs/remotes/master [1ms]
2023-07-20 12:09:23.866 [info] > git status -z -uall [0ms]
2023-07-20 12:29:08.973 [info] > git config --get commit.template [1ms]
2023-07-20 12:29:08.981 [info] > git for-each-ref --format=%(refname)%00%(upstream:short)%00%(objectname)%00%(upstream:track)%00%(upstream:remotename)%00%(upstream:remoteref) refs/heads/master refs/remotes/master [0ms]
2023-07-20 12:29:08.988 [info] > git status -z -uall [1ms]
